  stdafx.cpp
c:\users\kga-24\desktop\manager\tilemap.h(186): warning C4244: 'return': 'LONG'에서 'float'(으)로 변환하면서 데이터가 손실될 수 있습니다.
c:\users\kga-24\desktop\manager\tilemap.h(187): warning C4244: '=': 'float'에서 'LONG'(으)로 변환하면서 데이터가 손실될 수 있습니다.
c:\users\kga-24\desktop\manager\tilemap.h(189): warning C4244: 'return': 'LONG'에서 'float'(으)로 변환하면서 데이터가 손실될 수 있습니다.
c:\users\kga-24\desktop\manager\tilemap.h(190): warning C4244: '=': 'float'에서 'LONG'(으)로 변환하면서 데이터가 손실될 수 있습니다.
  action.cpp
  animation.cpp
  BasicScene.cpp
  button.cpp
c:\users\kga-24\desktop\manager\button.cpp(20): warning C4244: '=': 'int'에서 'float'(으)로 변환하면서 데이터가 손실될 수 있습니다.
c:\users\kga-24\desktop\manager\button.cpp(21): warning C4244: '=': 'int'에서 'float'(으)로 변환하면서 데이터가 손실될 수 있습니다.
c:\users\kga-24\desktop\manager\button.cpp(29): warning C4244: '인수': 'float'에서 'int'(으)로 변환하면서 데이터가 손실될 수 있습니다.
c:\users\kga-24\desktop\manager\button.cpp(61): warning C4244: '인수': 'LONG'에서 'float'(으)로 변환하면서 데이터가 손실될 수 있습니다.
c:\users\kga-24\desktop\manager\button.cpp(60): warning C4244: '인수': 'LONG'에서 'float'(으)로 변환하면서 데이터가 손실될 수 있습니다.
c:\users\kga-24\desktop\manager\button.cpp(65): warning C4244: '인수': 'LONG'에서 'float'(으)로 변환하면서 데이터가 손실될 수 있습니다.
c:\users\kga-24\desktop\manager\button.cpp(64): warning C4244: '인수': 'LONG'에서 'float'(으)로 변환하면서 데이터가 손실될 수 있습니다.
  effect.cpp
c:\users\kga-24\desktop\manager\effect.cpp(30): warning C4244: '인수': 'float'에서 'int'(으)로 변환하면서 데이터가 손실될 수 있습니다.
  effectManager.cpp
  gameNode.cpp
c:\users\kga-24\desktop\manager\gamenode.cpp(135): warning C4244: '=': 'float'에서 'LONG'(으)로 변환하면서 데이터가 손실될 수 있습니다.
c:\users\kga-24\desktop\manager\gamenode.cpp(136): warning C4244: '=': 'float'에서 'LONG'(으)로 변환하면서 데이터가 손실될 수 있습니다.
c:\users\kga-24\desktop\manager\gamenode.cpp(106): warning C4101: 'hdc' :참조되지 않은 지역 변수입니다.
c:\users\kga-24\desktop\manager\gamenode.cpp(105): warning C4101: 'ps' :참조되지 않은 지역 변수입니다.
  GameObject.cpp
  image.cpp
  imageManager.cpp
  keyAniManager.cpp
c:\users\kga-24\desktop\manager\keyanimanager.cpp(49): warning C4244: '인수': 'float'에서 'int'(으)로 변환하면서 데이터가 손실될 수 있습니다.
c:\users\kga-24\desktop\manager\keyanimanager.cpp(63): warning C4244: '인수': 'float'에서 'int'(으)로 변환하면서 데이터가 손실될 수 있습니다.
c:\users\kga-24\desktop\manager\keyanimanager.cpp(76): warning C4244: '인수': 'float'에서 'int'(으)로 변환하면서 데이터가 손실될 수 있습니다.
c:\users\kga-24\desktop\manager\keyanimanager.cpp(89): warning C4244: '인수': 'float'에서 'int'(으)로 변환하면서 데이터가 손실될 수 있습니다.
c:\users\kga-24\desktop\manager\keyanimanager.cpp(102): warning C4244: '인수': 'float'에서 'int'(으)로 변환하면서 데이터가 손실될 수 있습니다.
c:\users\kga-24\desktop\manager\keyanimanager.cpp(116): warning C4244: '인수': 'float'에서 'int'(으)로 변환하면서 데이터가 손실될 수 있습니다.
c:\users\kga-24\desktop\manager\keyanimanager.cpp(129): warning C4244: '인수': 'float'에서 'int'(으)로 변환하면서 데이터가 손실될 수 있습니다.
c:\users\kga-24\desktop\manager\keyanimanager.cpp(142): warning C4244: '인수': 'float'에서 'int'(으)로 변환하면서 데이터가 손실될 수 있습니다.
c:\users\kga-24\desktop\manager\keyanimanager.cpp(155): warning C4244: '인수': 'float'에서 'int'(으)로 변환하면서 데이터가 손실될 수 있습니다.
  keyManager.cpp
  MapToolScene.cpp
  PathFinder.cpp
c:\users\kga-24\desktop\manager\pathfinder.cpp(90): warning C4018: '<': signed 또는 unsigned가 일치하지 않습니다.
c:\users\kga-24\desktop\manager\pathfinder.cpp(111): warning C4244: '인수': 'long'에서 'float'(으)로 변환하면서 데이터가 손실될 수 있습니다.
c:\users\kga-24\desktop\manager\pathfinder.cpp(166): warning C4018: '<': signed 또는 unsigned가 일치하지 않습니다.
c:\users\kga-24\desktop\manager\pathfinder.cpp(175): warning C4244: '인수': 'int'에서 'float'(으)로 변환하면서 데이터가 손실될 수 있습니다.
  playGround.cpp
  progressBar.cpp
c:\users\kga-24\desktop\manager\progressbar.cpp(19): warning C4244: '인수': 'float'에서 'int'(으)로 변환하면서 데이터가 손실될 수 있습니다.
c:\users\kga-24\desktop\manager\progressbar.cpp(39): warning C4244: '인수': 'float'에서 'int'(으)로 변환하면서 데이터가 손실될 수 있습니다.
  Render.cpp
  sceneManager.cpp
  soundManager.cpp
  TileMap.cpp
c:\users\kga-24\desktop\manager\tilemap.cpp(27): warning C4244: '초기화 중': 'std::streamoff'에서 'int'(으)로 변환하면서 데이터가 손실될 수 있습니다.
c:\users\kga-24\desktop\manager\tilemap.cpp(33): warning C4018: '<': signed 또는 unsigned가 일치하지 않습니다.
  코드를 생성하고 있습니다...
  컴파일하고 있습니다...
  timeManager.cpp
  timer.cpp
c:\users\kga-24\desktop\manager\timer.cpp(61): warning C4244: '=': 'float'에서 'unsigned long'(으)로 변환하면서 데이터가 손실될 수 있습니다.
  txtData.cpp
c:\users\kga-24\desktop\manager\txtdata.cpp(47): warning C4018: '<': signed 또는 unsigned가 일치하지 않습니다.
c:\users\kga-24\desktop\manager\txtdata.cpp(51): warning C4018: '<': signed 또는 unsigned가 일치하지 않습니다.
  utils.cpp
  windowAPI.cpp
  코드를 생성하고 있습니다...
c:\users\kga-24\desktop\manager\txtdata.cpp(54): warning C4172: 지역 변수 또는 임시: str의 주소를 반환하고 있습니다.
soundManager.obj : error LNK2019: _FMOD_System_Create@4 외부 기호(참조 위치: "enum FMOD_RESULT __cdecl FMOD::System_Create(class FMOD::System * *)" (?System_Create@FMOD@@YA?AW4FMOD_RESULT@@PAPAVSystem@1@@Z) 함수)에서 확인하지 못했습니다.
soundManager.obj : error LNK2019: "public: enum FMOD_RESULT __stdcall FMOD::System::release(void)" (?release@System@FMOD@@QAG?AW4FMOD_RESULT@@XZ) 외부 기호(참조 위치: "public: void __thiscall soundManager::release(void)" (?release@soundManager@@QAEXXZ) 함수)에서 확인하지 못했습니다.
soundManager.obj : error LNK2019: "public: enum FMOD_RESULT __stdcall FMOD::System::init(int,unsigned int,void *)" (?init@System@FMOD@@QAG?AW4FMOD_RESULT@@HIPAX@Z) 외부 기호(참조 위치: "public: long __thiscall soundManager::init(void)" (?init@soundManager@@QAEJXZ) 함수)에서 확인하지 못했습니다.
soundManager.obj : error LNK2019: "public: enum FMOD_RESULT __stdcall FMOD::System::close(void)" (?close@System@FMOD@@QAG?AW4FMOD_RESULT@@XZ) 외부 기호(참조 위치: "public: void __thiscall soundManager::release(void)" (?release@soundManager@@QAEXXZ) 함수)에서 확인하지 못했습니다.
soundManager.obj : error LNK2019: "public: enum FMOD_RESULT __stdcall FMOD::System::update(void)" (?update@System@FMOD@@QAG?AW4FMOD_RESULT@@XZ) 외부 기호(참조 위치: "public: void __thiscall soundManager::update(void)" (?update@soundManager@@QAEXXZ) 함수)에서 확인하지 못했습니다.
soundManager.obj : error LNK2019: "public: enum FMOD_RESULT __stdcall FMOD::System::createSound(char const *,unsigned int,struct FMOD_CREATESOUNDEXINFO *,class FMOD::Sound * *)" (?createSound@System@FMOD@@QAG?AW4FMOD_RESULT@@PBDIPAUFMOD_CREATESOUNDEXINFO@@PAPAVSound@2@@Z) 외부 기호(참조 위치: "public: void __thiscall soundManager::addSound(class std::basic_string<char,struct std::char_traits<char>,class std::allocator<char> >,class std::basic_string<char,struct std::char_traits<char>,class std::allocator<char> >,bool,bool)" (?addSound@soundManager@@QAEXV?$basic_string@DU?$char_traits@D@std@@V?$allocator@D@2@@std@@0_N1@Z) 함수)에서 확인하지 못했습니다.
soundManager.obj : error LNK2019: "public: enum FMOD_RESULT __stdcall FMOD::System::createStream(char const *,unsigned int,struct FMOD_CREATESOUNDEXINFO *,class FMOD::Sound * *)" (?createStream@System@FMOD@@QAG?AW4FMOD_RESULT@@PBDIPAUFMOD_CREATESOUNDEXINFO@@PAPAVSound@2@@Z) 외부 기호(참조 위치: "public: void __thiscall soundManager::addSound(class std::basic_string<char,struct std::char_traits<char>,class std::allocator<char> >,class std::basic_string<char,struct std::char_traits<char>,class std::allocator<char> >,bool,bool)" (?addSound@soundManager@@QAEXV?$basic_string@DU?$char_traits@D@std@@V?$allocator@D@2@@std@@0_N1@Z) 함수)에서 확인하지 못했습니다.
soundManager.obj : error LNK2019: "public: enum FMOD_RESULT __stdcall FMOD::System::playSound(enum FMOD_CHANNELINDEX,class FMOD::Sound *,bool,class FMOD::Channel * *)" (?playSound@System@FMOD@@QAG?AW4FMOD_RESULT@@W4FMOD_CHANNELINDEX@@PAVSound@2@_NPAPAVChannel@2@@Z) 외부 기호(참조 위치: "public: void __thiscall soundManager::play(class std::basic_string<char,struct std::char_traits<char>,class std::allocator<char> >,float)" (?play@soundManager@@QAEXV?$basic_string@DU?$char_traits@D@std@@V?$allocator@D@2@@std@@M@Z) 함수)에서 확인하지 못했습니다.
soundManager.obj : error LNK2019: "public: enum FMOD_RESULT __stdcall FMOD::Channel::stop(void)" (?stop@Channel@FMOD@@QAG?AW4FMOD_RESULT@@XZ) 외부 기호(참조 위치: "public: void __thiscall soundManager::stop(class std::basic_string<char,struct std::char_traits<char>,class std::allocator<char> >)" (?stop@soundManager@@QAEXV?$basic_string@DU?$char_traits@D@std@@V?$allocator@D@2@@std@@@Z) 함수)에서 확인하지 못했습니다.
soundManager.obj : error LNK2019: "public: enum FMOD_RESULT __stdcall FMOD::Channel::setPaused(bool)" (?setPaused@Channel@FMOD@@QAG?AW4FMOD_RESULT@@_N@Z) 외부 기호(참조 위치: "public: void __thiscall soundManager::pause(class std::basic_string<char,struct std::char_traits<char>,class std::allocator<char> >)" (?pause@soundManager@@QAEXV?$basic_string@DU?$char_traits@D@std@@V?$allocator@D@2@@std@@@Z) 함수)에서 확인하지 못했습니다.
soundManager.obj : error LNK2019: "public: enum FMOD_RESULT __stdcall FMOD::Channel::getPaused(bool *)" (?getPaused@Channel@FMOD@@QAG?AW4FMOD_RESULT@@PA_N@Z) 외부 기호(참조 위치: "public: bool __thiscall soundManager::isPauseSound(class std::basic_string<char,struct std::char_traits<char>,class std::allocator<char> >)" (?isPauseSound@soundManager@@QAE_NV?$basic_string@DU?$char_traits@D@std@@V?$allocator@D@2@@std@@@Z) 함수)에서 확인하지 못했습니다.
soundManager.obj : error LNK2019: "public: enum FMOD_RESULT __stdcall FMOD::Channel::setVolume(float)" (?setVolume@Channel@FMOD@@QAG?AW4FMOD_RESULT@@M@Z) 외부 기호(참조 위치: "public: void __thiscall soundManager::play(class std::basic_string<char,struct std::char_traits<char>,class std::allocator<char> >,float)" (?play@soundManager@@QAEXV?$basic_string@DU?$char_traits@D@std@@V?$allocator@D@2@@std@@M@Z) 함수)에서 확인하지 못했습니다.
soundManager.obj : error LNK2019: "public: enum FMOD_RESULT __stdcall FMOD::Channel::isPlaying(bool *)" (?isPlaying@Channel@FMOD@@QAG?AW4FMOD_RESULT@@PA_N@Z) 외부 기호(참조 위치: "public: bool __thiscall soundManager::isPlaySound(class std::basic_string<char,struct std::char_traits<char>,class std::allocator<char> >)" (?isPlaySound@soundManager@@QAE_NV?$basic_string@DU?$char_traits@D@std@@V?$allocator@D@2@@std@@@Z) 함수)에서 확인하지 못했습니다.
lib\fmodex64_vc.lib : warning LNK4272: 'x64' 라이브러리 컴퓨터 종류가 'x86' 대상 컴퓨터 종류와 충돌합니다.
C:\Users\KGA-24\Desktop\manager\Debug\windowAPI.exe : fatal error LNK1120: 13개의 확인할 수 없는 외부 참조입니다.
