  BasicScene.cpp
  Enemy.cpp
c:\users\kga-22\desktop\sog\enemy.cpp(16): warning C4244: '=': 'LONG'에서 'float'(으)로 변환하면서 데이터가 손실될 수 있습니다.
c:\users\kga-22\desktop\sog\enemy.cpp(17): warning C4244: '=': 'LONG'에서 'float'(으)로 변환하면서 데이터가 손실될 수 있습니다.
  EnemyManager.cpp
  Flower.cpp
c:\users\kga-22\desktop\sog\flower.cpp(80): warning C4244: '인수': 'float'에서 'int'(으)로 변환하면서 데이터가 손실될 수 있습니다.
c:\users\kga-22\desktop\sog\flower.cpp(79): warning C4244: '인수': 'float'에서 'int'(으)로 변환하면서 데이터가 손실될 수 있습니다.
  GameObject.cpp
  Hydra.cpp
  Hydra_W.cpp
c:\users\kga-22\desktop\sog\hydra_w.cpp(139): warning C4244: '인수': 'float'에서 'int'(으)로 변환하면서 데이터가 손실될 수 있습니다.
c:\users\kga-22\desktop\sog\hydra_w.cpp(138): warning C4244: '인수': 'float'에서 'int'(으)로 변환하면서 데이터가 손실될 수 있습니다.
c:\users\kga-22\desktop\sog\hydra_w.cpp(205): warning C4244: '인수': 'float'에서 'int'(으)로 변환하면서 데이터가 손실될 수 있습니다.
c:\users\kga-22\desktop\sog\hydra_w.cpp(211): warning C4244: '=': 'float'에서 'int'(으)로 변환하면서 데이터가 손실될 수 있습니다.
c:\users\kga-22\desktop\sog\hydra_w.cpp(212): warning C4244: '=': 'float'에서 'int'(으)로 변환하면서 데이터가 손실될 수 있습니다.
c:\users\kga-22\desktop\sog\hydra_w.cpp(218): warning C4244: '인수': 'float'에서 'int'(으)로 변환하면서 데이터가 손실될 수 있습니다.
c:\users\kga-22\desktop\sog\hydra_w.cpp(217): warning C4244: '인수': 'float'에서 'int'(으)로 변환하면서 데이터가 손실될 수 있습니다.
  LoadingScene.cpp
  Rabbit.cpp
c:\users\kga-22\desktop\sog\rabbit.cpp(138): warning C4244: '인수': 'float'에서 'int'(으)로 변환하면서 데이터가 손실될 수 있습니다.
c:\users\kga-22\desktop\sog\rabbit.cpp(141): warning C4244: '인수': 'float'에서 'int'(으)로 변환하면서 데이터가 손실될 수 있습니다.
  Slime.cpp
c:\users\kga-22\desktop\sog\slime.cpp(81): warning C4244: '인수': 'float'에서 'int'(으)로 변환하면서 데이터가 손실될 수 있습니다.
c:\users\kga-22\desktop\sog\slime.cpp(80): warning C4244: '인수': 'float'에서 'int'(으)로 변환하면서 데이터가 손실될 수 있습니다.
  StageOneScene.cpp
  StageTwoScene.cpp
  TileMap.cpp
c:\users\kga-22\desktop\sog\tilemap.cpp(27): warning C4244: '초기화 중': 'std::streamoff'에서 'int'(으)로 변환하면서 데이터가 손실될 수 있습니다.
  action.cpp
  button.cpp
c:\users\kga-22\desktop\sog\button.cpp(20): warning C4244: '=': 'int'에서 'float'(으)로 변환하면서 데이터가 손실될 수 있습니다.
c:\users\kga-22\desktop\sog\button.cpp(21): warning C4244: '=': 'int'에서 'float'(으)로 변환하면서 데이터가 손실될 수 있습니다.
  effect.cpp
  effectManager.cpp
  gameNode.cpp
c:\users\kga-22\desktop\sog\gamenode.cpp(133): warning C4244: '=': 'float'에서 'LONG'(으)로 변환하면서 데이터가 손실될 수 있습니다.
c:\users\kga-22\desktop\sog\gamenode.cpp(134): warning C4244: '=': 'float'에서 'LONG'(으)로 변환하면서 데이터가 손실될 수 있습니다.
c:\users\kga-22\desktop\sog\gamenode.cpp(104): warning C4101: 'hdc' :참조되지 않은 지역 변수입니다.
c:\users\kga-22\desktop\sog\gamenode.cpp(103): warning C4101: 'ps' :참조되지 않은 지역 변수입니다.
  playGround.cpp
  progressBar.cpp
c:\users\kga-22\desktop\sog\progressbar.cpp(19): warning C4244: '인수': 'float'에서 'int'(으)로 변환하면서 데이터가 손실될 수 있습니다.
c:\users\kga-22\desktop\sog\progressbar.cpp(25): warning C4244: '=': 'int'에서 'float'(으)로 변환하면서 데이터가 손실될 수 있습니다.
c:\users\kga-22\desktop\sog\progressbar.cpp(39): warning C4244: '인수': 'float'에서 'int'(으)로 변환하면서 데이터가 손실될 수 있습니다.
c:\users\kga-22\desktop\sog\progressbar.cpp(47): warning C4244: '인수': 'float'에서 'int'(으)로 변환하면서 데이터가 손실될 수 있습니다.
c:\users\kga-22\desktop\sog\progressbar.cpp(53): warning C4244: '인수': 'float'에서 'int'(으)로 변환하면서 데이터가 손실될 수 있습니다.
c:\users\kga-22\desktop\sog\progressbar.cpp(52): warning C4244: '인수': 'float'에서 'int'(으)로 변환하면서 데이터가 손실될 수 있습니다.
  코드를 생성하고 있습니다...
  컴파일하고 있습니다...
  sceneManager.cpp
  windowAPI.cpp
c:\users\kga-22\desktop\sog\windowapi.cpp(95): warning C4244: 'return': 'WPARAM'에서 'int'(으)로 변환하면서 데이터가 손실될 수 있습니다.
  코드를 생성하고 있습니다...
  windowAPI.vcxproj -> C:\Users\KGA-22\Desktop\SOG\x64\Debug\windowAPI.exe
